2025-07-17T17:02:21: 
2025-07-17T17:02:21: > avenue-omnichannel@0.1.0 start
2025-07-17T17:02:21: > next start
2025-07-17T17:02:21: 
2025-07-17T17:02:27: 
2025-07-17T17:02:27: > avenue-omnichannel@0.1.0 start
2025-07-17T17:02:27: > next start
2025-07-17T17:02:27: 
2025-07-17T17:02:33: 
2025-07-17T17:02:33: > avenue-omnichannel@0.1.0 start
2025-07-17T17:02:33: > next start
2025-07-17T17:02:33: 
2025-07-17T17:02:39: 
2025-07-17T17:02:39: > avenue-omnichannel@0.1.0 start
2025-07-17T17:02:39: > next start
2025-07-17T17:02:39: 
2025-07-17T17:02:45: 
2025-07-17T17:02:45: > avenue-omnichannel@0.1.0 start
2025-07-17T17:02:45: > next start
2025-07-17T17:02:45: 
2025-07-17T17:02:51: 
2025-07-17T17:02:51: > avenue-omnichannel@0.1.0 start
2025-07-17T17:02:51: > next start
2025-07-17T17:02:51: 
2025-07-17T17:02:57: 
2025-07-17T17:02:57: > avenue-omnichannel@0.1.0 start
2025-07-17T17:02:57: > next start
2025-07-17T17:02:57: 
2025-07-17T17:03:04: 
2025-07-17T17:03:04: > avenue-omnichannel@0.1.0 start
2025-07-17T17:03:04: > next start
2025-07-17T17:03:04: 
2025-07-17T17:03:14: 
2025-07-17T17:03:14: > avenue-omnichannel@0.1.0 start /home/dzikrie/avenue-omnichannel
2025-07-17T17:03:14: > next start
2025-07-17T17:03:14: 
2025-07-17T17:03:15:  ELIFECYCLE  Command failed with exit code 1.
2025-07-17T17:03:21: 
2025-07-17T17:03:21: > avenue-omnichannel@0.1.0 start /home/dzikrie/avenue-omnichannel
2025-07-17T17:03:21: > next start
2025-07-17T17:03:21: 
2025-07-17T17:03:21:  ELIFECYCLE  Command failed with exit code 1.
2025-07-17T17:03:27: 
2025-07-17T17:03:27: > avenue-omnichannel@0.1.0 start /home/dzikrie/avenue-omnichannel
2025-07-17T17:03:27: > next start
2025-07-17T17:03:27: 
2025-07-17T17:03:28:  ELIFECYCLE  Command failed with exit code 1.
2025-07-17T17:03:33: 
2025-07-17T17:03:33: > avenue-omnichannel@0.1.0 start /home/dzikrie/avenue-omnichannel
2025-07-17T17:03:33: > next start
2025-07-17T17:03:33: 
2025-07-17T17:03:34:  ELIFECYCLE  Command failed with exit code 1.
2025-07-17T17:03:40: 
2025-07-17T17:03:40: > avenue-omnichannel@0.1.0 start /home/dzikrie/avenue-omnichannel
2025-07-17T17:03:40: > next start
2025-07-17T17:03:40: 
2025-07-17T17:03:40:  ELIFECYCLE  Command failed with exit code 1.
2025-07-17T17:03:46: 
2025-07-17T17:03:46: > avenue-omnichannel@0.1.0 start /home/dzikrie/avenue-omnichannel
2025-07-17T17:03:46: > next start
2025-07-17T17:03:46: 
2025-07-17T17:03:47:  ELIFECYCLE  Command failed with exit code 1.
2025-07-17T17:03:53: 
2025-07-17T17:03:53: > avenue-omnichannel@0.1.0 start /home/dzikrie/avenue-omnichannel
2025-07-17T17:03:53: > next start
2025-07-17T17:03:53: 
2025-07-17T17:03:53:  ELIFECYCLE  Command failed with exit code 1.
2025-07-17T17:03:59: 
2025-07-17T17:03:59: > avenue-omnichannel@0.1.0 start /home/dzikrie/avenue-omnichannel
2025-07-17T17:03:59: > next start
2025-07-17T17:03:59: 
2025-07-17T17:04:00:  ELIFECYCLE  Command failed with exit code 1.
2025-07-17T17:04:05: 
2025-07-17T17:04:05: > avenue-omnichannel@0.1.0 start /home/dzikrie/avenue-omnichannel
2025-07-17T17:04:05: > next start
2025-07-17T17:04:05: 
2025-07-17T17:04:06:  ELIFECYCLE  Command failed with exit code 1.
2025-07-17T17:04:12: 
2025-07-17T17:04:12: > avenue-omnichannel@0.1.0 start /home/dzikrie/avenue-omnichannel
2025-07-17T17:04:12: > next start
2025-07-17T17:04:12: 
2025-07-17T17:04:12:  ELIFECYCLE  Command failed with exit code 1.
2025-07-17T17:17:54: 
2025-07-17T17:17:54: > avenue-omnichannel@0.1.0 start /home/dzikrie/avenue-omnichannel
2025-07-17T17:17:54: > next start
2025-07-17T17:17:54: 
2025-07-17T17:17:54:  ELIFECYCLE  Command failed with exit code 1.
2025-07-17T17:18:00: 
2025-07-17T17:18:00: > avenue-omnichannel@0.1.0 start /home/dzikrie/avenue-omnichannel
2025-07-17T17:18:00: > next start
2025-07-17T17:18:00: 
2025-07-17T17:18:01:  ELIFECYCLE  Command failed with exit code 1.
2025-07-17T17:18:07: 
2025-07-17T17:18:07: > avenue-omnichannel@0.1.0 start /home/dzikrie/avenue-omnichannel
2025-07-17T17:18:07: > next start
2025-07-17T17:18:07: 
2025-07-17T17:18:07:  ELIFECYCLE  Command failed with exit code 1.
2025-07-17T17:18:13: 
2025-07-17T17:18:13: > avenue-omnichannel@0.1.0 start /home/dzikrie/avenue-omnichannel
2025-07-17T17:18:13: > next start
2025-07-17T17:18:13: 
2025-07-17T17:18:14:  ELIFECYCLE  Command failed with exit code 1.
2025-07-17T17:18:20: 
2025-07-17T17:18:20: > avenue-omnichannel@0.1.0 start /home/dzikrie/avenue-omnichannel
2025-07-17T17:18:20: > next start
2025-07-17T17:18:20: 
2025-07-17T17:18:20:  ELIFECYCLE  Command failed with exit code 1.
2025-07-17T17:18:25: 
2025-07-17T17:18:25: > avenue-omnichannel@0.1.0 start /home/dzikrie/avenue-omnichannel
2025-07-17T17:18:25: > next start
2025-07-17T17:18:25: 
2025-07-17T17:18:26:  ELIFECYCLE  Command failed with exit code 1.
2025-07-17T17:18:32: 
2025-07-17T17:18:32: > avenue-omnichannel@0.1.0 start /home/dzikrie/avenue-omnichannel
2025-07-17T17:18:32: > next start
2025-07-17T17:18:32: 
2025-07-17T17:18:32:  ELIFECYCLE  Command failed with exit code 1.
2025-07-17T17:18:38: 
2025-07-17T17:18:38: > avenue-omnichannel@0.1.0 start /home/dzikrie/avenue-omnichannel
2025-07-17T17:18:38: > next start
2025-07-17T17:18:38: 
2025-07-17T17:18:39:  ELIFECYCLE  Command failed with exit code 1.
2025-07-17T17:18:45: 
2025-07-17T17:18:45: > avenue-omnichannel@0.1.0 start /home/dzikrie/avenue-omnichannel
2025-07-17T17:18:45: > next start
2025-07-17T17:18:45: 
2025-07-17T17:18:45:  ELIFECYCLE  Command failed with exit code 1.
2025-07-17T17:18:51: 
2025-07-17T17:18:51: > avenue-omnichannel@0.1.0 start /home/dzikrie/avenue-omnichannel
2025-07-17T17:18:51: > next start
2025-07-17T17:18:51: 
2025-07-17T17:18:51:  ELIFECYCLE  Command failed with exit code 1.
2025-07-17T17:18:57: 
2025-07-17T17:18:57: > avenue-omnichannel@0.1.0 start /home/dzikrie/avenue-omnichannel
2025-07-17T17:18:57: > next start
2025-07-17T17:18:57: 
2025-07-17T17:18:58:  ELIFECYCLE  Command failed with exit code 1.
2025-07-17T17:19:04: 
2025-07-17T17:19:04: > avenue-omnichannel@0.1.0 start /home/dzikrie/avenue-omnichannel
2025-07-17T17:19:04: > next start
2025-07-17T17:19:04: 
2025-07-17T17:19:04:  ELIFECYCLE  Command failed with exit code 1.
2025-07-17T17:19:10: 
2025-07-17T17:19:10: > avenue-omnichannel@0.1.0 start /home/dzikrie/avenue-omnichannel
2025-07-17T17:19:10: > next start
2025-07-17T17:19:10: 
2025-07-17T17:19:11:  ELIFECYCLE  Command failed with exit code 1.
2025-07-17T17:19:17: 
2025-07-17T17:19:17: > avenue-omnichannel@0.1.0 start /home/dzikrie/avenue-omnichannel
2025-07-17T17:19:17: > next start
2025-07-17T17:19:17: 
2025-07-17T17:19:18:  ELIFECYCLE  Command failed with exit code 1.
2025-07-17T17:19:24: 
2025-07-17T17:19:24: > avenue-omnichannel@0.1.0 start /home/dzikrie/avenue-omnichannel
2025-07-17T17:19:24: > next start
2025-07-17T17:19:24: 
2025-07-17T17:19:24:  ELIFECYCLE  Command failed with exit code 1.
2025-07-17T17:21:31: 
2025-07-17T17:21:31: > avenue-omnichannel@0.1.0 start /home/dzikrie/avenue-omnichannel
2025-07-17T17:21:31: > next start
2025-07-17T17:21:31: 
2025-07-17T17:21:31:  ELIFECYCLE  Command failed with exit code 1.
2025-07-17T17:21:37: 
2025-07-17T17:21:37: > avenue-omnichannel@0.1.0 start /home/dzikrie/avenue-omnichannel
2025-07-17T17:21:37: > next start
2025-07-17T17:21:37: 
2025-07-17T17:21:38:  ELIFECYCLE  Command failed with exit code 1.
2025-07-17T17:21:43: 
2025-07-17T17:21:43: > avenue-omnichannel@0.1.0 start /home/dzikrie/avenue-omnichannel
2025-07-17T17:21:43: > next start
2025-07-17T17:21:43: 
2025-07-17T17:21:44:  ELIFECYCLE  Command failed with exit code 1.
2025-07-17T17:21:50: 
2025-07-17T17:21:50: > avenue-omnichannel@0.1.0 start /home/dzikrie/avenue-omnichannel
2025-07-17T17:21:50: > next start
2025-07-17T17:21:50: 
2025-07-17T17:21:51:  ELIFECYCLE  Command failed with exit code 1.
2025-07-17T17:21:57: 
2025-07-17T17:21:57: > avenue-omnichannel@0.1.0 start /home/dzikrie/avenue-omnichannel
2025-07-17T17:21:57: > next start
2025-07-17T17:21:57: 
2025-07-17T17:21:57:  ELIFECYCLE  Command failed with exit code 1.
2025-07-17T17:22:03: 
2025-07-17T17:22:03: > avenue-omnichannel@0.1.0 start /home/dzikrie/avenue-omnichannel
2025-07-17T17:22:03: > next start
2025-07-17T17:22:03: 
2025-07-17T17:22:04:  ELIFECYCLE  Command failed with exit code 1.
2025-07-17T17:22:10: 
2025-07-17T17:22:10: > avenue-omnichannel@0.1.0 start /home/dzikrie/avenue-omnichannel
2025-07-17T17:22:10: > next start
2025-07-17T17:22:10: 
2025-07-17T17:22:10:  ELIFECYCLE  Command failed with exit code 1.
2025-07-17T17:22:16: 
2025-07-17T17:22:16: > avenue-omnichannel@0.1.0 start /home/dzikrie/avenue-omnichannel
2025-07-17T17:22:16: > next start
2025-07-17T17:22:16: 
2025-07-17T17:22:17:  ELIFECYCLE  Command failed with exit code 1.
2025-07-17T17:22:23: 
2025-07-17T17:22:23: > avenue-omnichannel@0.1.0 start /home/dzikrie/avenue-omnichannel
2025-07-17T17:22:23: > next start
2025-07-17T17:22:23: 
2025-07-17T17:22:23:  ELIFECYCLE  Command failed with exit code 1.
2025-07-17T17:22:29: 
2025-07-17T17:22:29: > avenue-omnichannel@0.1.0 start /home/dzikrie/avenue-omnichannel
2025-07-17T17:22:29: > next start
2025-07-17T17:22:29: 
2025-07-17T17:22:29:  ELIFECYCLE  Command failed with exit code 1.
2025-07-17T17:26:41: 
2025-07-17T17:26:41: > avenue-omnichannel@0.1.0 start /home/dzikrie/avenue-omnichannel
2025-07-17T17:26:41: > next start
2025-07-17T17:26:41: 
2025-07-17T17:26:42:  ELIFECYCLE  Command failed with exit code 1.
2025-07-17T17:26:48: 
2025-07-17T17:26:48: > avenue-omnichannel@0.1.0 start /home/dzikrie/avenue-omnichannel
2025-07-17T17:26:48: > next start
2025-07-17T17:26:48: 
2025-07-17T17:26:48:  ELIFECYCLE  Command failed with exit code 1.
2025-07-17T17:26:54: 
2025-07-17T17:26:54: > avenue-omnichannel@0.1.0 start /home/dzikrie/avenue-omnichannel
2025-07-17T17:26:54: > next start
2025-07-17T17:26:54: 
2025-07-17T17:26:55:  ELIFECYCLE  Command failed with exit code 1.
2025-07-17T17:27:01: 
2025-07-17T17:27:01: > avenue-omnichannel@0.1.0 start /home/dzikrie/avenue-omnichannel
2025-07-17T17:27:01: > next start
2025-07-17T17:27:01: 
2025-07-17T17:27:01:  ELIFECYCLE  Command failed with exit code 1.
2025-07-17T17:27:07: 
2025-07-17T17:27:07: > avenue-omnichannel@0.1.0 start /home/dzikrie/avenue-omnichannel
2025-07-17T17:27:07: > next start
2025-07-17T17:27:07: 
2025-07-17T17:27:08:  ELIFECYCLE  Command failed with exit code 1.
2025-07-17T17:27:14: 
2025-07-17T17:27:14: > avenue-omnichannel@0.1.0 start /home/dzikrie/avenue-omnichannel
2025-07-17T17:27:14: > next start
2025-07-17T17:27:14: 
2025-07-17T17:27:14:  ELIFECYCLE  Command failed with exit code 1.
2025-07-17T17:27:20: 
2025-07-17T17:27:20: > avenue-omnichannel@0.1.0 start /home/dzikrie/avenue-omnichannel
2025-07-17T17:27:20: > next start
2025-07-17T17:27:20: 
2025-07-17T17:27:21:  ELIFECYCLE  Command failed with exit code 1.
2025-07-17T17:27:27: 
2025-07-17T17:27:27: > avenue-omnichannel@0.1.0 start /home/dzikrie/avenue-omnichannel
2025-07-17T17:27:27: > next start
2025-07-17T17:27:27: 
2025-07-17T17:27:27:  ELIFECYCLE  Command failed with exit code 1.
2025-07-17T17:27:33: 
2025-07-17T17:27:33: > avenue-omnichannel@0.1.0 start /home/dzikrie/avenue-omnichannel
2025-07-17T17:27:33: > next start
2025-07-17T17:27:33: 
2025-07-17T17:27:34:  ELIFECYCLE  Command failed with exit code 1.
2025-07-17T17:27:40: 
2025-07-17T17:27:40: > avenue-omnichannel@0.1.0 start /home/dzikrie/avenue-omnichannel
2025-07-17T17:27:40: > next start
2025-07-17T17:27:40: 
2025-07-17T17:27:40:  ELIFECYCLE  Command failed with exit code 1.
2025-07-17T17:33:18: 
2025-07-17T17:33:18: > avenue-omnichannel@0.1.0 start /home/dzikrie/avenue-omnichannel
2025-07-17T17:33:18: > next start
2025-07-17T17:33:18: 
2025-07-17T17:33:19:  ELIFECYCLE  Command failed with exit code 1.
2025-07-17T17:33:25: 
2025-07-17T17:33:25: > avenue-omnichannel@0.1.0 start /home/dzikrie/avenue-omnichannel
2025-07-17T17:33:25: > next start
2025-07-17T17:33:25: 
2025-07-17T17:33:25:  ELIFECYCLE  Command failed with exit code 1.
2025-07-17T17:33:31: 
2025-07-17T17:33:31: > avenue-omnichannel@0.1.0 start /home/dzikrie/avenue-omnichannel
2025-07-17T17:33:31: > next start
2025-07-17T17:33:31: 
2025-07-17T17:33:32:  ELIFECYCLE  Command failed with exit code 1.
2025-07-17T17:33:38: 
2025-07-17T17:33:38: > avenue-omnichannel@0.1.0 start /home/dzikrie/avenue-omnichannel
2025-07-17T17:33:38: > next start
2025-07-17T17:33:38: 
2025-07-17T17:33:38:  ELIFECYCLE  Command failed with exit code 1.
2025-07-17T17:33:45: 
2025-07-17T17:33:45: > avenue-omnichannel@0.1.0 start /home/dzikrie/avenue-omnichannel
2025-07-17T17:33:45: > next start
2025-07-17T17:33:45: 
2025-07-17T17:33:45:  ELIFECYCLE  Command failed with exit code 1.
2025-07-17T17:33:51: 
2025-07-17T17:33:51: > avenue-omnichannel@0.1.0 start /home/dzikrie/avenue-omnichannel
2025-07-17T17:33:51: > next start
2025-07-17T17:33:51: 
2025-07-17T17:33:52:  ELIFECYCLE  Command failed with exit code 1.
2025-07-17T17:33:58: 
2025-07-17T17:33:58: > avenue-omnichannel@0.1.0 start /home/dzikrie/avenue-omnichannel
2025-07-17T17:33:58: > next start
2025-07-17T17:33:58: 
2025-07-17T17:33:58:  ELIFECYCLE  Command failed with exit code 1.
